0 info it worked if it ends with ok
1 verbose cli [ '/Users/tadejstanic/.nvm/versions/node/v7.2.0/bin/node',
1 verbose cli   '/Users/tadejstanic/.nvm/versions/node/v7.2.0/bin/npm',
1 verbose cli   'run',
1 verbose cli   'start' ]
2 info using npm@3.10.9
3 info using node@v7.2.0
4 verbose run-script [ 'prestart', 'start', 'poststart' ]
5 info lifecycle graphql-api-example@0.5.0~prestart: graphql-api-example@0.5.0
6 silly lifecycle graphql-api-example@0.5.0~prestart: no script for prestart, continuing
7 info lifecycle graphql-api-example@0.5.0~start: graphql-api-example@0.5.0
8 verbose lifecycle graphql-api-example@0.5.0~start: unsafe-perm in lifecycle true
9 verbose lifecycle graphql-api-example@0.5.0~start: PATH: /Users/tadejstanic/.nvm/versions/node/v7.2.0/lib/node_modules/npm/bin/node-gyp-bin:/Users/tadejstanic/Work/graphql-api-example/node_modules/.bin:/Users/tadejstanic/.nvm/versions/node/v7.2.0/lib/node_modules/npm/bin/node-gyp-bin:/Users/tadejstanic/Work/graphql-api-example/node_modules/.bin:/Users/tadejstanic/.nvm/versions/node/v7.2.0/bin:/Users/tadejstanic/.rvm/gems/ruby-2.2.1/bin:/Users/tadejstanic/.rvm/gems/ruby-2.2.1@global/bin:/Users/tadejstanic/.rvm/rubies/ruby-2.2.1/bin:/usr/local/bin:/usr/bin:/bin:/usr/sbin:/sbin:/opt/X11/bin:/Users/tadejstanic/.rvm/bin:/Users/tadejstanic/.nvm/versions/node/v7.2.0/bin
10 verbose lifecycle graphql-api-example@0.5.0~start: CWD: /Users/tadejstanic/Work/graphql-api-example
11 silly lifecycle graphql-api-example@0.5.0~start: Args: [ '-c', 'node --harmony ./scripts/start' ]
12 silly lifecycle graphql-api-example@0.5.0~start: Returned: code: 1  signal: null
13 info lifecycle graphql-api-example@0.5.0~start: Failed to exec start script
14 verbose stack Error: graphql-api-example@0.5.0 start: `node --harmony ./scripts/start`
14 verbose stack Exit status 1
14 verbose stack     at EventEmitter.<anonymous> (/Users/tadejstanic/.nvm/versions/node/v7.2.0/lib/node_modules/npm/lib/utils/lifecycle.js:255:16)
14 verbose stack     at emitTwo (events.js:106:13)
14 verbose stack     at EventEmitter.emit (events.js:191:7)
14 verbose stack     at ChildProcess.<anonymous> (/Users/tadejstanic/.nvm/versions/node/v7.2.0/lib/node_modules/npm/lib/utils/spawn.js:40:14)
14 verbose stack     at emitTwo (events.js:106:13)
14 verbose stack     at ChildProcess.emit (events.js:191:7)
14 verbose stack     at maybeClose (internal/child_process.js:885:16)
14 verbose stack     at Process.ChildProcess._handle.onexit (internal/child_process.js:226:5)
15 verbose pkgid graphql-api-example@0.5.0
16 verbose cwd /Users/tadejstanic/Work/graphql-api-example
17 error Darwin 15.4.0
18 error argv "/Users/tadejstanic/.nvm/versions/node/v7.2.0/bin/node" "/Users/tadejstanic/.nvm/versions/node/v7.2.0/bin/npm" "run" "start"
19 error node v7.2.0
20 error npm  v3.10.9
21 error code ELIFECYCLE
22 error graphql-api-example@0.5.0 start: `node --harmony ./scripts/start`
22 error Exit status 1
23 error Failed at the graphql-api-example@0.5.0 start script 'node --harmony ./scripts/start'.
23 error Make sure you have the latest version of node.js and npm installed.
23 error If you do, this is most likely a problem with the graphql-api-example package,
23 error not with npm itself.
23 error Tell the author that this fails on your system:
23 error     node --harmony ./scripts/start
23 error You can get information on how to open an issue for this project with:
23 error     npm bugs graphql-api-example
23 error Or if that isn't available, you can get their info via:
23 error     npm owner ls graphql-api-example
23 error There is likely additional logging output above.
24 verbose exit [ 1, true ]
